<?xml version="1.0" encoding="UTF-8"?><testrun name="book-service" project="book-service" tests="34" started="34" failures="0" errors="1" ignored="0">
  <testsuite name="com.cog.service.RoleServiceTest" time="1.216" displayname="RoleServiceTest" uniqueid="[engine:junit-jupiter]/[class:com.cog.service.RoleServiceTest]">
    <testcase name="testFindById" classname="com.cog.service.RoleServiceTest" time="1.216" displayname="testFindById()" uniqueid="[engine:junit-jupiter]/[class:com.cog.service.RoleServiceTest]/[method:testFindById()]"/>
  </testsuite>
  <testsuite name="com.cog.service.BookServiceTest" time="0.188" displayname="BookServiceTest" uniqueid="[engine:junit-jupiter]/[class:com.cog.service.BookServiceTest]">
    <testcase name="testEditBook" classname="com.cog.service.BookServiceTest" time="0.158" displayname="testEditBook()" uniqueid="[engine:junit-jupiter]/[class:com.cog.service.BookServiceTest]/[method:testEditBook()]"/>
    <testcase name="testGetReaderBooks" classname="com.cog.service.BookServiceTest" time="0.001" displayname="testGetReaderBooks()" uniqueid="[engine:junit-jupiter]/[class:com.cog.service.BookServiceTest]/[method:testGetReaderBooks()]"/>
    <testcase name="testSaveBookWhenSucess" classname="com.cog.service.BookServiceTest" time="0.005" displayname="testSaveBookWhenSucess()" uniqueid="[engine:junit-jupiter]/[class:com.cog.service.BookServiceTest]/[method:testSaveBookWhenSucess()]"/>
    <testcase name="testEditBookWhenFailure" classname="com.cog.service.BookServiceTest" time="0.004" displayname="testEditBookWhenFailure()" uniqueid="[engine:junit-jupiter]/[class:com.cog.service.BookServiceTest]/[method:testEditBookWhenFailure()]"/>
    <testcase name="testBuyBook" classname="com.cog.service.BookServiceTest" time="0.004" displayname="testBuyBook()" uniqueid="[engine:junit-jupiter]/[class:com.cog.service.BookServiceTest]/[method:testBuyBook()]"/>
    <testcase name="testGetAllMyBooks" classname="com.cog.service.BookServiceTest" time="0.002" displayname="testGetAllMyBooks()" uniqueid="[engine:junit-jupiter]/[class:com.cog.service.BookServiceTest]/[method:testGetAllMyBooks()]"/>
    <testcase name="testGetDistinctPublisherList" classname="com.cog.service.BookServiceTest" time="0.002" displayname="testGetDistinctPublisherList()" uniqueid="[engine:junit-jupiter]/[class:com.cog.service.BookServiceTest]/[method:testGetDistinctPublisherList()]"/>
    <testcase name="testSaveBookWhenFailure" classname="com.cog.service.BookServiceTest" time="0.002" displayname="testSaveBookWhenFailure()" uniqueid="[engine:junit-jupiter]/[class:com.cog.service.BookServiceTest]/[method:testSaveBookWhenFailure()]"/>
    <testcase name="testGetFilteredBooks" classname="com.cog.service.BookServiceTest" time="0.003" displayname="testGetFilteredBooks()" uniqueid="[engine:junit-jupiter]/[class:com.cog.service.BookServiceTest]/[method:testGetFilteredBooks()]"/>
  </testsuite>
  <testsuite name="com.cog.service.UserMappingServiceTest" time="0.053" displayname="UserMappingServiceTest" uniqueid="[engine:junit-jupiter]/[class:com.cog.service.UserMappingServiceTest]">
    <testcase name="testFindByUserId" classname="com.cog.service.UserMappingServiceTest" time="0.038" displayname="testFindByUserId()" uniqueid="[engine:junit-jupiter]/[class:com.cog.service.UserMappingServiceTest]/[method:testFindByUserId()]"/>
    <testcase name="testFindAuthorRoleUsers" classname="com.cog.service.UserMappingServiceTest" time="0.002" displayname="testFindAuthorRoleUsers()" uniqueid="[engine:junit-jupiter]/[class:com.cog.service.UserMappingServiceTest]/[method:testFindAuthorRoleUsers()]"/>
    <testcase name="testCreateMapping" classname="com.cog.service.UserMappingServiceTest" time="0.011" displayname="testCreateMapping()" uniqueid="[engine:junit-jupiter]/[class:com.cog.service.UserMappingServiceTest]/[method:testCreateMapping()]"/>
  </testsuite>
  <testsuite name="com.cog.service.UserServiceTest" time="0.064" displayname="UserServiceTest" uniqueid="[engine:junit-jupiter]/[class:com.cog.service.UserServiceTest]">
    <testcase name="testSaveUserWhenFailure" classname="com.cog.service.UserServiceTest" time="0.05" displayname="testSaveUserWhenFailure()" uniqueid="[engine:junit-jupiter]/[class:com.cog.service.UserServiceTest]/[method:testSaveUserWhenFailure()]"/>
    <testcase name="testFindByUserId" classname="com.cog.service.UserServiceTest" time="0.002" displayname="testFindByUserId()" uniqueid="[engine:junit-jupiter]/[class:com.cog.service.UserServiceTest]/[method:testFindByUserId()]"/>
    <testcase name="testVaidateUserWhenSuccess" classname="com.cog.service.UserServiceTest" time="0.002" displayname="testVaidateUserWhenSuccess()" uniqueid="[engine:junit-jupiter]/[class:com.cog.service.UserServiceTest]/[method:testVaidateUserWhenSuccess()]"/>
    <testcase name="testVaidateUserWhenFailure" classname="com.cog.service.UserServiceTest" time="0.003" displayname="testVaidateUserWhenFailure()" uniqueid="[engine:junit-jupiter]/[class:com.cog.service.UserServiceTest]/[method:testVaidateUserWhenFailure()]"/>
    <testcase name="testSaveUserWhenSuccess" classname="com.cog.service.UserServiceTest" time="0.003" displayname="testSaveUserWhenSuccess()" uniqueid="[engine:junit-jupiter]/[class:com.cog.service.UserServiceTest]/[method:testSaveUserWhenSuccess()]"/>
  </testsuite>
  <testsuite name="com.cog.controller.AuthorControllerTest" time="0.061" displayname="AuthorControllerTest" uniqueid="[engine:junit-jupiter]/[class:com.cog.controller.AuthorControllerTest]">
    <testcase name="testHandleMethodArumentException" classname="com.cog.controller.AuthorControllerTest" time="0.041" displayname="testHandleMethodArumentException()" uniqueid="[engine:junit-jupiter]/[class:com.cog.controller.AuthorControllerTest]/[method:testHandleMethodArumentException()]"/>
    <testcase name="testLoginUser" classname="com.cog.controller.AuthorControllerTest" time="0.002" displayname="testLoginUser()" uniqueid="[engine:junit-jupiter]/[class:com.cog.controller.AuthorControllerTest]/[method:testLoginUser()]"/>
    <testcase name="testUpdateBook" classname="com.cog.controller.AuthorControllerTest" time="0.002" displayname="testUpdateBook()" uniqueid="[engine:junit-jupiter]/[class:com.cog.controller.AuthorControllerTest]/[method:testUpdateBook()]"/>
    <testcase name="testGetDistinctAuthorsList" classname="com.cog.controller.AuthorControllerTest" time="0.002" displayname="testGetDistinctAuthorsList()" uniqueid="[engine:junit-jupiter]/[class:com.cog.controller.AuthorControllerTest]/[method:testGetDistinctAuthorsList()]"/>
    <testcase name="testGetAllMyBooks" classname="com.cog.controller.AuthorControllerTest" time="0.004" displayname="testGetAllMyBooks()" uniqueid="[engine:junit-jupiter]/[class:com.cog.controller.AuthorControllerTest]/[method:testGetAllMyBooks()]"/>
    <testcase name="testCreateBook" classname="com.cog.controller.AuthorControllerTest" time="0.002" displayname="testCreateBook()" uniqueid="[engine:junit-jupiter]/[class:com.cog.controller.AuthorControllerTest]/[method:testCreateBook()]"/>
    <testcase name="testCreateUser" classname="com.cog.controller.AuthorControllerTest" time="0.002" displayname="testCreateUser()" uniqueid="[engine:junit-jupiter]/[class:com.cog.controller.AuthorControllerTest]/[method:testCreateUser()]"/>
  </testsuite>
  <testsuite name="com.cog.controller.ReaderControllerTest" time="0.023" displayname="ReaderControllerTest" uniqueid="[engine:junit-jupiter]/[class:com.cog.controller.ReaderControllerTest]">
    <testcase name="testExportBookContentToPDF" classname="com.cog.controller.ReaderControllerTest" time="0.007" displayname="testExportBookContentToPDF()" uniqueid="[engine:junit-jupiter]/[class:com.cog.controller.ReaderControllerTest]/[method:testExportBookContentToPDF()]">
      <error>java.lang.NullPointerException: Cannot invoke "Object.getClass()" because "response" is null&#13;
	at com.cog.controller.ReaderController.exportBookContentToPDF(ReaderController.java:54)&#13;
	at com.cog.controller.ReaderControllerTest.testExportBookContentToPDF(ReaderControllerTest.java:51)&#13;
	at java.base/jdk.internal.reflect.NativeMethodAccessorImpl.invoke0(Native Method)&#13;
	at java.base/jdk.internal.reflect.NativeMethodAccessorImpl.invoke(NativeMethodAccessorImpl.java:77)&#13;
	at java.base/jdk.internal.reflect.DelegatingMethodAccessorImpl.invoke(DelegatingMethodAccessorImpl.java:43)&#13;
	at java.base/java.lang.reflect.Method.invoke(Method.java:568)&#13;
	at org.junit.platform.commons.util.ReflectionUtils.invokeMethod(ReflectionUtils.java:725)&#13;
	at org.junit.jupiter.engine.execution.MethodInvocation.proceed(MethodInvocation.java:60)&#13;
	at org.junit.jupiter.engine.execution.InvocationInterceptorChain$ValidatingInvocation.proceed(InvocationInterceptorChain.java:131)&#13;
	at org.junit.jupiter.engine.extension.TimeoutExtension.intercept(TimeoutExtension.java:149)&#13;
	at org.junit.jupiter.engine.extension.TimeoutExtension.interceptTestableMethod(TimeoutExtension.java:140)&#13;
	at org.junit.jupiter.engine.extension.TimeoutExtension.interceptTestMethod(TimeoutExtension.java:84)&#13;
	at org.junit.jupiter.engine.execution.ExecutableInvoker$ReflectiveInterceptorCall.lambda$ofVoidMethod$0(ExecutableInvoker.java:115)&#13;
	at org.junit.jupiter.engine.execution.ExecutableInvoker.lambda$invoke$0(ExecutableInvoker.java:105)&#13;
	at org.junit.jupiter.engine.execution.InvocationInterceptorChain$InterceptedInvocation.proceed(InvocationInterceptorChain.java:106)&#13;
	at org.junit.jupiter.engine.execution.InvocationInterceptorChain.proceed(InvocationInterceptorChain.java:64)&#13;
	at org.junit.jupiter.engine.execution.InvocationInterceptorChain.chainAndInvoke(InvocationInterceptorChain.java:45)&#13;
	at org.junit.jupiter.engine.execution.InvocationInterceptorChain.invoke(InvocationInterceptorChain.java:37)&#13;
	at org.junit.jupiter.engine.execution.ExecutableInvoker.invoke(ExecutableInvoker.java:104)&#13;
	at org.junit.jupiter.engine.execution.ExecutableInvoker.invoke(ExecutableInvoker.java:98)&#13;
	at org.junit.jupiter.engine.descriptor.TestMethodTestDescriptor.lambda$invokeTestMethod$7(TestMethodTestDescriptor.java:214)&#13;
	at org.junit.platform.engine.support.hierarchical.ThrowableCollector.execute(ThrowableCollector.java:73)&#13;
	at org.junit.jupiter.engine.descriptor.TestMethodTestDescriptor.invokeTestMethod(TestMethodTestDescriptor.java:210)&#13;
	at org.junit.jupiter.engine.descriptor.TestMethodTestDescriptor.execute(TestMethodTestDescriptor.java:135)&#13;
	at org.junit.jupiter.engine.descriptor.TestMethodTestDescriptor.execute(TestMethodTestDescriptor.java:66)&#13;
	at org.junit.platform.engine.support.hierarchical.NodeTestTask.lambda$executeRecursively$6(NodeTestTask.java:151)&#13;
	at org.junit.platform.engine.support.hierarchical.ThrowableCollector.execute(ThrowableCollector.java:73)&#13;
	at org.junit.platform.engine.support.hierarchical.NodeTestTask.lambda$executeRecursively$8(NodeTestTask.java:141)&#13;
	at org.junit.platform.engine.support.hierarchical.Node.around(Node.java:137)&#13;
	at org.junit.platform.engine.support.hierarchical.NodeTestTask.lambda$executeRecursively$9(NodeTestTask.java:139)&#13;
	at org.junit.platform.engine.support.hierarchical.ThrowableCollector.execute(ThrowableCollector.java:73)&#13;
	at org.junit.platform.engine.support.hierarchical.NodeTestTask.executeRecursively(NodeTestTask.java:138)&#13;
	at org.junit.platform.engine.support.hierarchical.NodeTestTask.execute(NodeTestTask.java:95)&#13;
	at java.base/java.util.ArrayList.forEach(ArrayList.java:1511)&#13;
	at org.junit.platform.engine.support.hierarchical.SameThreadHierarchicalTestExecutorService.invokeAll(SameThreadHierarchicalTestExecutorService.java:41)&#13;
	at org.junit.platform.engine.support.hierarchical.NodeTestTask.lambda$executeRecursively$6(NodeTestTask.java:155)&#13;
	at org.junit.platform.engine.support.hierarchical.ThrowableCollector.execute(ThrowableCollector.java:73)&#13;
	at org.junit.platform.engine.support.hierarchical.NodeTestTask.lambda$executeRecursively$8(NodeTestTask.java:141)&#13;
	at org.junit.platform.engine.support.hierarchical.Node.around(Node.java:137)&#13;
	at org.junit.platform.engine.support.hierarchical.NodeTestTask.lambda$executeRecursively$9(NodeTestTask.java:139)&#13;
	at org.junit.platform.engine.support.hierarchical.ThrowableCollector.execute(ThrowableCollector.java:73)&#13;
	at org.junit.platform.engine.support.hierarchical.NodeTestTask.executeRecursively(NodeTestTask.java:138)&#13;
	at org.junit.platform.engine.support.hierarchical.NodeTestTask.execute(NodeTestTask.java:95)&#13;
	at java.base/java.util.ArrayList.forEach(ArrayList.java:1511)&#13;
	at org.junit.platform.engine.support.hierarchical.SameThreadHierarchicalTestExecutorService.invokeAll(SameThreadHierarchicalTestExecutorService.java:41)&#13;
	at org.junit.platform.engine.support.hierarchical.NodeTestTask.lambda$executeRecursively$6(NodeTestTask.java:155)&#13;
	at org.junit.platform.engine.support.hierarchical.ThrowableCollector.execute(ThrowableCollector.java:73)&#13;
	at org.junit.platform.engine.support.hierarchical.NodeTestTask.lambda$executeRecursively$8(NodeTestTask.java:141)&#13;
	at org.junit.platform.engine.support.hierarchical.Node.around(Node.java:137)&#13;
	at org.junit.platform.engine.support.hierarchical.NodeTestTask.lambda$executeRecursively$9(NodeTestTask.java:139)&#13;
	at org.junit.platform.engine.support.hierarchical.ThrowableCollector.execute(ThrowableCollector.java:73)&#13;
	at org.junit.platform.engine.support.hierarchical.NodeTestTask.executeRecursively(NodeTestTask.java:138)&#13;
	at org.junit.platform.engine.support.hierarchical.NodeTestTask.execute(NodeTestTask.java:95)&#13;
	at org.junit.platform.engine.support.hierarchical.SameThreadHierarchicalTestExecutorService.submit(SameThreadHierarchicalTestExecutorService.java:35)&#13;
	at org.junit.platform.engine.support.hierarchical.HierarchicalTestExecutor.execute(HierarchicalTestExecutor.java:57)&#13;
	at org.junit.platform.engine.support.hierarchical.HierarchicalTestEngine.execute(HierarchicalTestEngine.java:54)&#13;
	at org.junit.platform.launcher.core.EngineExecutionOrchestrator.execute(EngineExecutionOrchestrator.java:107)&#13;
	at org.junit.platform.launcher.core.EngineExecutionOrchestrator.execute(EngineExecutionOrchestrator.java:88)&#13;
	at org.junit.platform.launcher.core.EngineExecutionOrchestrator.lambda$execute$0(EngineExecutionOrchestrator.java:54)&#13;
	at org.junit.platform.launcher.core.EngineExecutionOrchestrator.withInterceptedStreams(EngineExecutionOrchestrator.java:67)&#13;
	at org.junit.platform.launcher.core.EngineExecutionOrchestrator.execute(EngineExecutionOrchestrator.java:52)&#13;
	at org.junit.platform.launcher.core.DefaultLauncher.execute(DefaultLauncher.java:114)&#13;
	at org.junit.platform.launcher.core.DefaultLauncher.execute(DefaultLauncher.java:95)&#13;
	at org.junit.platform.launcher.core.DefaultLauncherSession$DelegatingLauncher.execute(DefaultLauncherSession.java:91)&#13;
	at org.junit.platform.launcher.core.SessionPerRequestLauncher.execute(SessionPerRequestLauncher.java:60)&#13;
	at org.eclipse.jdt.internal.junit5.runner.JUnit5TestReference.run(JUnit5TestReference.java:98)&#13;
	at org.eclipse.jdt.internal.junit.runner.TestExecution.run(TestExecution.java:40)&#13;
	at org.eclipse.jdt.internal.junit.runner.RemoteTestRunner.runTests(RemoteTestRunner.java:529)&#13;
	at org.eclipse.jdt.internal.junit.runner.RemoteTestRunner.runTests(RemoteTestRunner.java:756)&#13;
	at org.eclipse.jdt.internal.junit.runner.RemoteTestRunner.run(RemoteTestRunner.java:452)&#13;
	at org.eclipse.jdt.internal.junit.runner.RemoteTestRunner.main(RemoteTestRunner.java:210)&#13;
&#13;
</error>
    </testcase>
    <testcase name="testGetReaderBooks" classname="com.cog.controller.ReaderControllerTest" time="0.003" displayname="testGetReaderBooks()" uniqueid="[engine:junit-jupiter]/[class:com.cog.controller.ReaderControllerTest]/[method:testGetReaderBooks()]"/>
    <testcase name="testSerachBooksByPaymentId" classname="com.cog.controller.ReaderControllerTest" time="0.0" displayname="testSerachBooksByPaymentId()" uniqueid="[engine:junit-jupiter]/[class:com.cog.controller.ReaderControllerTest]/[method:testSerachBooksByPaymentId()]"/>
    <testcase name="testGetPurchasedBooks" classname="com.cog.controller.ReaderControllerTest" time="0.003" displayname="testGetPurchasedBooks()" uniqueid="[engine:junit-jupiter]/[class:com.cog.controller.ReaderControllerTest]/[method:testGetPurchasedBooks()]"/>
    <testcase name="testRefundAmount" classname="com.cog.controller.ReaderControllerTest" time="0.003" displayname="testRefundAmount()" uniqueid="[engine:junit-jupiter]/[class:com.cog.controller.ReaderControllerTest]/[method:testRefundAmount()]"/>
  </testsuite>
  <testsuite name="com.cog.controller.BookControllerTest" time="0.012" displayname="BookControllerTest" uniqueid="[engine:junit-jupiter]/[class:com.cog.controller.BookControllerTest]">
    <testcase name="testBuyBook" classname="com.cog.controller.BookControllerTest" time="0.003" displayname="testBuyBook()" uniqueid="[engine:junit-jupiter]/[class:com.cog.controller.BookControllerTest]/[method:testBuyBook()]"/>
    <testcase name="testGetDistinctPublisherList" classname="com.cog.controller.BookControllerTest" time="0.004" displayname="testGetDistinctPublisherList()" uniqueid="[engine:junit-jupiter]/[class:com.cog.controller.BookControllerTest]/[method:testGetDistinctPublisherList()]"/>
    <testcase name="testGetFilteredBooks" classname="com.cog.controller.BookControllerTest" time="0.003" displayname="testGetFilteredBooks()" uniqueid="[engine:junit-jupiter]/[class:com.cog.controller.BookControllerTest]/[method:testGetFilteredBooks()]"/>
  </testsuite>
  <testsuite name="com.cog.BookServiceApplicationTests" time="0.018" displayname="BookServiceApplicationTests" uniqueid="[engine:junit-jupiter]/[class:com.cog.BookServiceApplicationTests]">
    <testcase name="contextLoads" classname="com.cog.BookServiceApplicationTests" time="0.018" displayname="contextLoads()" uniqueid="[engine:junit-jupiter]/[class:com.cog.BookServiceApplicationTests]/[method:contextLoads()]"/>
  </testsuite>
</testrun>
